{"C:\\Users\\mayan\\OneDrive\\Desktop\\Incubyte\\backend\\src\\app.js": {"path":"C:\\Users\\mayan\\OneDrive\\Desktop\\Incubyte\\backend\\src\\app.js","statementMap":{"0":{"start":{"line":1,"column":16},"end":{"line":1,"column":34}},"1":{"start":{"line":2,"column":13},"end":{"line":2,"column":28}},"2":{"start":{"line":3,"column":19},"end":{"line":3,"column":49}},"3":{"start":{"line":4,"column":20},"end":{"line":4,"column":51}},"4":{"start":{"line":6,"column":12},"end":{"line":6,"column":21}},"5":{"start":{"line":8,"column":0},"end":{"line":8,"column":16}},"6":{"start":{"line":9,"column":0},"end":{"line":9,"column":24}},"7":{"start":{"line":11,"column":0},"end":{"line":11,"column":33}},"8":{"start":{"line":12,"column":0},"end":{"line":12,"column":36}},"9":{"start":{"line":14,"column":0},"end":{"line":16,"column":3}},"10":{"start":{"line":15,"column":2},"end":{"line":15,"column":59}},"11":{"start":{"line":18,"column":0},"end":{"line":21,"column":3}},"12":{"start":{"line":19,"column":2},"end":{"line":19,"column":27}},"13":{"start":{"line":20,"column":2},"end":{"line":20,"column":59}},"14":{"start":{"line":23,"column":0},"end":{"line":23,"column":21}}},"fnMap":{"0":{"name":"(anonymous_0)","decl":{"start":{"line":14,"column":23},"end":{"line":14,"column":24}},"loc":{"start":{"line":14,"column":37},"end":{"line":16,"column":1}},"line":14},"1":{"name":"(anonymous_1)","decl":{"start":{"line":18,"column":8},"end":{"line":18,"column":9}},"loc":{"start":{"line":18,"column":33},"end":{"line":21,"column":1}},"line":18}},"branchMap":{},"s":{"0":2,"1":2,"2":2,"3":2,"4":2,"5":2,"6":2,"7":2,"8":2,"9":2,"10":0,"11":2,"12":0,"13":0,"14":2},"f":{"0":0,"1":0},"b":{},"_coverageSchema":"1a1c01bbd47fc00a2c39e90264f33305004495a9","hash":"56bf8186c85ed1c4255bb9f24b65bcfe12511756"}
,"C:\\Users\\mayan\\OneDrive\\Desktop\\Incubyte\\backend\\src\\controllers\\authController.js": {"path":"C:\\Users\\mayan\\OneDrive\\Desktop\\Incubyte\\backend\\src\\controllers\\authController.js","statementMap":{"0":{"start":{"line":1,"column":13},"end":{"line":1,"column":38}},"1":{"start":{"line":2,"column":12},"end":{"line":2,"column":35}},"2":{"start":{"line":4,"column":22},"end":{"line":6,"column":1}},"3":{"start":{"line":5,"column":2},"end":{"line":5,"column":75}},"4":{"start":{"line":8,"column":0},"end":{"line":40,"column":2}},"5":{"start":{"line":9,"column":2},"end":{"line":39,"column":3}},"6":{"start":{"line":10,"column":48},"end":{"line":10,"column":56}},"7":{"start":{"line":12,"column":25},"end":{"line":14,"column":6}},"8":{"start":{"line":16,"column":4},"end":{"line":20,"column":5}},"9":{"start":{"line":17,"column":6},"end":{"line":19,"column":9}},"10":{"start":{"line":22,"column":17},"end":{"line":22,"column":78}},"11":{"start":{"line":23,"column":4},"end":{"line":23,"column":22}},"12":{"start":{"line":25,"column":18},"end":{"line":25,"column":41}},"13":{"start":{"line":27,"column":4},"end":{"line":36,"column":7}},"14":{"start":{"line":38,"column":4},"end":{"line":38,"column":51}},"15":{"start":{"line":42,"column":0},"end":{"line":71,"column":2}},"16":{"start":{"line":43,"column":2},"end":{"line":70,"column":3}},"17":{"start":{"line":44,"column":32},"end":{"line":44,"column":40}},"18":{"start":{"line":46,"column":17},"end":{"line":46,"column":46}},"19":{"start":{"line":47,"column":4},"end":{"line":49,"column":5}},"20":{"start":{"line":48,"column":6},"end":{"line":48,"column":68}},"21":{"start":{"line":51,"column":20},"end":{"line":51,"column":56}},"22":{"start":{"line":52,"column":4},"end":{"line":54,"column":5}},"23":{"start":{"line":53,"column":6},"end":{"line":53,"column":68}},"24":{"start":{"line":56,"column":18},"end":{"line":56,"column":41}},"25":{"start":{"line":58,"column":4},"end":{"line":67,"column":7}},"26":{"start":{"line":69,"column":4},"end":{"line":69,"column":51}}},"fnMap":{"0":{"name":"(anonymous_0)","decl":{"start":{"line":4,"column":22},"end":{"line":4,"column":23}},"loc":{"start":{"line":4,"column":34},"end":{"line":6,"column":1}},"line":4},"1":{"name":"(anonymous_1)","decl":{"start":{"line":8,"column":19},"end":{"line":8,"column":20}},"loc":{"start":{"line":8,"column":39},"end":{"line":40,"column":1}},"line":8},"2":{"name":"(anonymous_2)","decl":{"start":{"line":42,"column":16},"end":{"line":42,"column":17}},"loc":{"start":{"line":42,"column":36},"end":{"line":71,"column":1}},"line":42}},"branchMap":{"0":{"loc":{"start":{"line":16,"column":4},"end":{"line":20,"column":5}},"type":"if","locations":[{"start":{"line":16,"column":4},"end":{"line":20,"column":5}},{"start":{},"end":{}}],"line":16},"1":{"loc":{"start":{"line":22,"column":61},"end":{"line":22,"column":75}},"type":"binary-expr","locations":[{"start":{"line":22,"column":61},"end":{"line":22,"column":65}},{"start":{"line":22,"column":69},"end":{"line":22,"column":75}}],"line":22},"2":{"loc":{"start":{"line":47,"column":4},"end":{"line":49,"column":5}},"type":"if","locations":[{"start":{"line":47,"column":4},"end":{"line":49,"column":5}},{"start":{},"end":{}}],"line":47},"3":{"loc":{"start":{"line":52,"column":4},"end":{"line":54,"column":5}},"type":"if","locations":[{"start":{"line":52,"column":4},"end":{"line":54,"column":5}},{"start":{},"end":{}}],"line":52}},"s":{"0":2,"1":2,"2":2,"3":0,"4":2,"5":1,"6":1,"7":1,"8":0,"9":0,"10":0,"11":0,"12":0,"13":0,"14":0,"15":2,"16":0,"17":0,"18":0,"19":0,"20":0,"21":0,"22":0,"23":0,"24":0,"25":0,"26":0},"f":{"0":0,"1":1,"2":0},"b":{"0":[0,0],"1":[0,0],"2":[0,0],"3":[0,0]},"_coverageSchema":"1a1c01bbd47fc00a2c39e90264f33305004495a9","hash":"cc331fcca74d8fdeee1d38e472f63e2dc6fdd180"}
,"C:\\Users\\mayan\\OneDrive\\Desktop\\Incubyte\\backend\\src\\controllers\\sweetController.js": {"path":"C:\\Users\\mayan\\OneDrive\\Desktop\\Incubyte\\backend\\src\\controllers\\sweetController.js","statementMap":{"0":{"start":{"line":1,"column":14},"end":{"line":1,"column":40}},"1":{"start":{"line":3,"column":0},"end":{"line":11,"column":2}},"2":{"start":{"line":4,"column":2},"end":{"line":10,"column":3}},"3":{"start":{"line":5,"column":18},"end":{"line":5,"column":37}},"4":{"start":{"line":6,"column":4},"end":{"line":6,"column":23}},"5":{"start":{"line":7,"column":4},"end":{"line":7,"column":32}},"6":{"start":{"line":9,"column":4},"end":{"line":9,"column":51}},"7":{"start":{"line":13,"column":0},"end":{"line":20,"column":2}},"8":{"start":{"line":14,"column":2},"end":{"line":19,"column":3}},"9":{"start":{"line":15,"column":19},"end":{"line":15,"column":37}},"10":{"start":{"line":16,"column":4},"end":{"line":16,"column":21}},"11":{"start":{"line":18,"column":4},"end":{"line":18,"column":51}},"12":{"start":{"line":22,"column":0},"end":{"line":44,"column":2}},"13":{"start":{"line":23,"column":2},"end":{"line":43,"column":3}},"14":{"start":{"line":24,"column":51},"end":{"line":24,"column":60}},"15":{"start":{"line":25,"column":16},"end":{"line":25,"column":18}},"16":{"start":{"line":27,"column":4},"end":{"line":29,"column":5}},"17":{"start":{"line":28,"column":6},"end":{"line":28,"column":51}},"18":{"start":{"line":30,"column":4},"end":{"line":32,"column":5}},"19":{"start":{"line":31,"column":6},"end":{"line":31,"column":32}},"20":{"start":{"line":33,"column":4},"end":{"line":37,"column":5}},"21":{"start":{"line":34,"column":6},"end":{"line":34,"column":23}},"22":{"start":{"line":35,"column":6},"end":{"line":35,"column":56}},"23":{"start":{"line":35,"column":20},"end":{"line":35,"column":56}},"24":{"start":{"line":36,"column":6},"end":{"line":36,"column":56}},"25":{"start":{"line":36,"column":20},"end":{"line":36,"column":56}},"26":{"start":{"line":39,"column":19},"end":{"line":39,"column":42}},"27":{"start":{"line":40,"column":4},"end":{"line":40,"column":21}},"28":{"start":{"line":42,"column":4},"end":{"line":42,"column":51}},"29":{"start":{"line":46,"column":0},"end":{"line":62,"column":2}},"30":{"start":{"line":47,"column":2},"end":{"line":61,"column":3}},"31":{"start":{"line":48,"column":18},"end":{"line":52,"column":5}},"32":{"start":{"line":54,"column":4},"end":{"line":56,"column":5}},"33":{"start":{"line":55,"column":6},"end":{"line":55,"column":64}},"34":{"start":{"line":58,"column":4},"end":{"line":58,"column":20}},"35":{"start":{"line":60,"column":4},"end":{"line":60,"column":51}},"36":{"start":{"line":64,"column":0},"end":{"line":76,"column":2}},"37":{"start":{"line":65,"column":2},"end":{"line":75,"column":3}},"38":{"start":{"line":66,"column":18},"end":{"line":66,"column":62}},"39":{"start":{"line":68,"column":4},"end":{"line":70,"column":5}},"40":{"start":{"line":69,"column":6},"end":{"line":69,"column":64}},"41":{"start":{"line":72,"column":4},"end":{"line":72,"column":56}},"42":{"start":{"line":74,"column":4},"end":{"line":74,"column":51}},"43":{"start":{"line":78,"column":0},"end":{"line":101,"column":2}},"44":{"start":{"line":79,"column":2},"end":{"line":100,"column":3}},"45":{"start":{"line":80,"column":29},"end":{"line":80,"column":37}},"46":{"start":{"line":81,"column":18},"end":{"line":81,"column":53}},"47":{"start":{"line":83,"column":4},"end":{"line":85,"column":5}},"48":{"start":{"line":84,"column":6},"end":{"line":84,"column":64}},"49":{"start":{"line":87,"column":4},"end":{"line":89,"column":5}},"50":{"start":{"line":88,"column":6},"end":{"line":88,"column":79}},"51":{"start":{"line":91,"column":4},"end":{"line":91,"column":31}},"52":{"start":{"line":92,"column":4},"end":{"line":92,"column":23}},"53":{"start":{"line":94,"column":4},"end":{"line":97,"column":7}},"54":{"start":{"line":99,"column":4},"end":{"line":99,"column":51}},"55":{"start":{"line":103,"column":0},"end":{"line":127,"column":2}},"56":{"start":{"line":104,"column":2},"end":{"line":126,"column":3}},"57":{"start":{"line":105,"column":25},"end":{"line":105,"column":33}},"58":{"start":{"line":107,"column":4},"end":{"line":109,"column":5}},"59":{"start":{"line":108,"column":6},"end":{"line":108,"column":65}},"60":{"start":{"line":111,"column":18},"end":{"line":111,"column":53}},"61":{"start":{"line":113,"column":4},"end":{"line":115,"column":5}},"62":{"start":{"line":114,"column":6},"end":{"line":114,"column":64}},"63":{"start":{"line":117,"column":4},"end":{"line":117,"column":31}},"64":{"start":{"line":118,"column":4},"end":{"line":118,"column":23}},"65":{"start":{"line":120,"column":4},"end":{"line":123,"column":7}},"66":{"start":{"line":125,"column":4},"end":{"line":125,"column":51}}},"fnMap":{"0":{"name":"(anonymous_0)","decl":{"start":{"line":3,"column":22},"end":{"line":3,"column":23}},"loc":{"start":{"line":3,"column":42},"end":{"line":11,"column":1}},"line":3},"1":{"name":"(anonymous_1)","decl":{"start":{"line":13,"column":23},"end":{"line":13,"column":24}},"loc":{"start":{"line":13,"column":43},"end":{"line":20,"column":1}},"line":13},"2":{"name":"(anonymous_2)","decl":{"start":{"line":22,"column":23},"end":{"line":22,"column":24}},"loc":{"start":{"line":22,"column":43},"end":{"line":44,"column":1}},"line":22},"3":{"name":"(anonymous_3)","decl":{"start":{"line":46,"column":22},"end":{"line":46,"column":23}},"loc":{"start":{"line":46,"column":42},"end":{"line":62,"column":1}},"line":46},"4":{"name":"(anonymous_4)","decl":{"start":{"line":64,"column":22},"end":{"line":64,"column":23}},"loc":{"start":{"line":64,"column":42},"end":{"line":76,"column":1}},"line":64},"5":{"name":"(anonymous_5)","decl":{"start":{"line":78,"column":24},"end":{"line":78,"column":25}},"loc":{"start":{"line":78,"column":44},"end":{"line":101,"column":1}},"line":78},"6":{"name":"(anonymous_6)","decl":{"start":{"line":103,"column":23},"end":{"line":103,"column":24}},"loc":{"start":{"line":103,"column":43},"end":{"line":127,"column":1}},"line":103}},"branchMap":{"0":{"loc":{"start":{"line":27,"column":4},"end":{"line":29,"column":5}},"type":"if","locations":[{"start":{"line":27,"column":4},"end":{"line":29,"column":5}},{"start":{},"end":{}}],"line":27},"1":{"loc":{"start":{"line":30,"column":4},"end":{"line":32,"column":5}},"type":"if","locations":[{"start":{"line":30,"column":4},"end":{"line":32,"column":5}},{"start":{},"end":{}}],"line":30},"2":{"loc":{"start":{"line":33,"column":4},"end":{"line":37,"column":5}},"type":"if","locations":[{"start":{"line":33,"column":4},"end":{"line":37,"column":5}},{"start":{},"end":{}}],"line":33},"3":{"loc":{"start":{"line":33,"column":8},"end":{"line":33,"column":28}},"type":"binary-expr","locations":[{"start":{"line":33,"column":8},"end":{"line":33,"column":16}},{"start":{"line":33,"column":20},"end":{"line":33,"column":28}}],"line":33},"4":{"loc":{"start":{"line":35,"column":6},"end":{"line":35,"column":56}},"type":"if","locations":[{"start":{"line":35,"column":6},"end":{"line":35,"column":56}},{"start":{},"end":{}}],"line":35},"5":{"loc":{"start":{"line":36,"column":6},"end":{"line":36,"column":56}},"type":"if","locations":[{"start":{"line":36,"column":6},"end":{"line":36,"column":56}},{"start":{},"end":{}}],"line":36},"6":{"loc":{"start":{"line":54,"column":4},"end":{"line":56,"column":5}},"type":"if","locations":[{"start":{"line":54,"column":4},"end":{"line":56,"column":5}},{"start":{},"end":{}}],"line":54},"7":{"loc":{"start":{"line":68,"column":4},"end":{"line":70,"column":5}},"type":"if","locations":[{"start":{"line":68,"column":4},"end":{"line":70,"column":5}},{"start":{},"end":{}}],"line":68},"8":{"loc":{"start":{"line":80,"column":12},"end":{"line":80,"column":24}},"type":"default-arg","locations":[{"start":{"line":80,"column":23},"end":{"line":80,"column":24}}],"line":80},"9":{"loc":{"start":{"line":83,"column":4},"end":{"line":85,"column":5}},"type":"if","locations":[{"start":{"line":83,"column":4},"end":{"line":85,"column":5}},{"start":{},"end":{}}],"line":83},"10":{"loc":{"start":{"line":87,"column":4},"end":{"line":89,"column":5}},"type":"if","locations":[{"start":{"line":87,"column":4},"end":{"line":89,"column":5}},{"start":{},"end":{}}],"line":87},"11":{"loc":{"start":{"line":107,"column":4},"end":{"line":109,"column":5}},"type":"if","locations":[{"start":{"line":107,"column":4},"end":{"line":109,"column":5}},{"start":{},"end":{}}],"line":107},"12":{"loc":{"start":{"line":107,"column":8},"end":{"line":107,"column":34}},"type":"binary-expr","locations":[{"start":{"line":107,"column":8},"end":{"line":107,"column":17}},{"start":{"line":107,"column":21},"end":{"line":107,"column":34}}],"line":107},"13":{"loc":{"start":{"line":113,"column":4},"end":{"line":115,"column":5}},"type":"if","locations":[{"start":{"line":113,"column":4},"end":{"line":115,"column":5}},{"start":{},"end":{}}],"line":113}},"s":{"0":2,"1":2,"2":0,"3":0,"4":0,"5":0,"6":0,"7":2,"8":0,"9":0,"10":0,"11":0,"12":2,"13":0,"14":0,"15":0,"16":0,"17":0,"18":0,"19":0,"20":0,"21":0,"22":0,"23":0,"24":0,"25":0,"26":0,"27":0,"28":0,"29":2,"30":0,"31":0,"32":0,"33":0,"34":0,"35":0,"36":2,"37":0,"38":0,"39":0,"40":0,"41":0,"42":0,"43":2,"44":0,"45":0,"46":0,"47":0,"48":0,"49":0,"50":0,"51":0,"52":0,"53":0,"54":0,"55":2,"56":0,"57":0,"58":0,"59":0,"60":0,"61":0,"62":0,"63":0,"64":0,"65":0,"66":0},"f":{"0":0,"1":0,"2":0,"3":0,"4":0,"5":0,"6":0},"b":{"0":[0,0],"1":[0,0],"2":[0,0],"3":[0,0],"4":[0,0],"5":[0,0],"6":[0,0],"7":[0,0],"8":[0],"9":[0,0],"10":[0,0],"11":[0,0],"12":[0,0],"13":[0,0]},"_coverageSchema":"1a1c01bbd47fc00a2c39e90264f33305004495a9","hash":"a2e7951dc98b3245995880ba9599b9eb10e25663"}
,"C:\\Users\\mayan\\OneDrive\\Desktop\\Incubyte\\backend\\src\\middleware\\auth.js": {"path":"C:\\Users\\mayan\\OneDrive\\Desktop\\Incubyte\\backend\\src\\middleware\\auth.js","statementMap":{"0":{"start":{"line":1,"column":12},"end":{"line":1,"column":35}},"1":{"start":{"line":2,"column":13},"end":{"line":2,"column":38}},"2":{"start":{"line":4,"column":13},"end":{"line":25,"column":1}},"3":{"start":{"line":5,"column":2},"end":{"line":24,"column":3}},"4":{"start":{"line":6,"column":18},"end":{"line":6,"column":69}},"5":{"start":{"line":8,"column":4},"end":{"line":10,"column":5}},"6":{"start":{"line":9,"column":6},"end":{"line":9,"column":24}},"7":{"start":{"line":12,"column":20},"end":{"line":12,"column":61}},"8":{"start":{"line":13,"column":17},"end":{"line":13,"column":52}},"9":{"start":{"line":15,"column":4},"end":{"line":17,"column":5}},"10":{"start":{"line":16,"column":6},"end":{"line":16,"column":24}},"11":{"start":{"line":19,"column":4},"end":{"line":19,"column":20}},"12":{"start":{"line":20,"column":4},"end":{"line":20,"column":22}},"13":{"start":{"line":21,"column":4},"end":{"line":21,"column":11}},"14":{"start":{"line":23,"column":4},"end":{"line":23,"column":59}},"15":{"start":{"line":27,"column":18},"end":{"line":32,"column":1}},"16":{"start":{"line":28,"column":2},"end":{"line":30,"column":3}},"17":{"start":{"line":29,"column":4},"end":{"line":29,"column":68}},"18":{"start":{"line":31,"column":2},"end":{"line":31,"column":9}},"19":{"start":{"line":34,"column":0},"end":{"line":34,"column":37}}},"fnMap":{"0":{"name":"(anonymous_0)","decl":{"start":{"line":4,"column":13},"end":{"line":4,"column":14}},"loc":{"start":{"line":4,"column":39},"end":{"line":25,"column":1}},"line":4},"1":{"name":"(anonymous_1)","decl":{"start":{"line":27,"column":18},"end":{"line":27,"column":19}},"loc":{"start":{"line":27,"column":44},"end":{"line":32,"column":1}},"line":27}},"branchMap":{"0":{"loc":{"start":{"line":8,"column":4},"end":{"line":10,"column":5}},"type":"if","locations":[{"start":{"line":8,"column":4},"end":{"line":10,"column":5}},{"start":{},"end":{}}],"line":8},"1":{"loc":{"start":{"line":15,"column":4},"end":{"line":17,"column":5}},"type":"if","locations":[{"start":{"line":15,"column":4},"end":{"line":17,"column":5}},{"start":{},"end":{}}],"line":15},"2":{"loc":{"start":{"line":28,"column":2},"end":{"line":30,"column":3}},"type":"if","locations":[{"start":{"line":28,"column":2},"end":{"line":30,"column":3}},{"start":{},"end":{}}],"line":28}},"s":{"0":2,"1":2,"2":2,"3":0,"4":0,"5":0,"6":0,"7":0,"8":0,"9":0,"10":0,"11":0,"12":0,"13":0,"14":0,"15":2,"16":0,"17":0,"18":0,"19":2},"f":{"0":0,"1":0},"b":{"0":[0,0],"1":[0,0],"2":[0,0]},"_coverageSchema":"1a1c01bbd47fc00a2c39e90264f33305004495a9","hash":"1834034f44b1dd128aaa7ace3282c435ab68cf94"}
,"C:\\Users\\mayan\\OneDrive\\Desktop\\Incubyte\\backend\\src\\models\\Sweet.js": {"path":"C:\\Users\\mayan\\OneDrive\\Desktop\\Incubyte\\backend\\src\\models\\Sweet.js","statementMap":{"0":{"start":{"line":1,"column":17},"end":{"line":1,"column":36}},"1":{"start":{"line":3,"column":20},"end":{"line":35,"column":2}},"2":{"start":{"line":37,"column":0},"end":{"line":37,"column":54}}},"fnMap":{},"branchMap":{},"s":{"0":2,"1":2,"2":2},"f":{},"b":{},"_coverageSchema":"1a1c01bbd47fc00a2c39e90264f33305004495a9","hash":"cd7219910b1bffa5553824c4f40fb1258c2c7391"}
,"C:\\Users\\mayan\\OneDrive\\Desktop\\Incubyte\\backend\\src\\models\\User.js": {"path":"C:\\Users\\mayan\\OneDrive\\Desktop\\Incubyte\\backend\\src\\models\\User.js","statementMap":{"0":{"start":{"line":1,"column":17},"end":{"line":1,"column":36}},"1":{"start":{"line":2,"column":15},"end":{"line":2,"column":34}},"2":{"start":{"line":4,"column":19},"end":{"line":30,"column":2}},"3":{"start":{"line":32,"column":0},"end":{"line":36,"column":3}},"4":{"start":{"line":33,"column":2},"end":{"line":33,"column":50}},"5":{"start":{"line":33,"column":36},"end":{"line":33,"column":50}},"6":{"start":{"line":34,"column":2},"end":{"line":34,"column":55}},"7":{"start":{"line":35,"column":2},"end":{"line":35,"column":9}},"8":{"start":{"line":38,"column":0},"end":{"line":40,"column":2}},"9":{"start":{"line":39,"column":2},"end":{"line":39,"column":64}},"10":{"start":{"line":42,"column":0},"end":{"line":42,"column":52}}},"fnMap":{"0":{"name":"(anonymous_0)","decl":{"start":{"line":32,"column":23},"end":{"line":32,"column":24}},"loc":{"start":{"line":32,"column":44},"end":{"line":36,"column":1}},"line":32},"1":{"name":"(anonymous_1)","decl":{"start":{"line":38,"column":37},"end":{"line":38,"column":38}},"loc":{"start":{"line":38,"column":71},"end":{"line":40,"column":1}},"line":38}},"branchMap":{"0":{"loc":{"start":{"line":33,"column":2},"end":{"line":33,"column":50}},"type":"if","locations":[{"start":{"line":33,"column":2},"end":{"line":33,"column":50}},{"start":{},"end":{}}],"line":33}},"s":{"0":2,"1":2,"2":2,"3":2,"4":0,"5":0,"6":0,"7":0,"8":2,"9":0,"10":2},"f":{"0":0,"1":0},"b":{"0":[0,0]},"_coverageSchema":"1a1c01bbd47fc00a2c39e90264f33305004495a9","hash":"d66a7b138dafbe35c2f9008ebf42c84680fa4713"}
,"C:\\Users\\mayan\\OneDrive\\Desktop\\Incubyte\\backend\\src\\routes\\authRoutes.js": {"path":"C:\\Users\\mayan\\OneDrive\\Desktop\\Incubyte\\backend\\src\\routes\\authRoutes.js","statementMap":{"0":{"start":{"line":1,"column":16},"end":{"line":1,"column":34}},"1":{"start":{"line":2,"column":15},"end":{"line":2,"column":31}},"2":{"start":{"line":3,"column":23},"end":{"line":3,"column":63}},"3":{"start":{"line":5,"column":0},"end":{"line":5,"column":50}},"4":{"start":{"line":6,"column":0},"end":{"line":6,"column":44}},"5":{"start":{"line":8,"column":0},"end":{"line":8,"column":24}}},"fnMap":{},"branchMap":{},"s":{"0":2,"1":2,"2":2,"3":2,"4":2,"5":2},"f":{},"b":{},"_coverageSchema":"1a1c01bbd47fc00a2c39e90264f33305004495a9","hash":"041166597813be152d40418d3abd7bddc1bce3c0"}
,"C:\\Users\\mayan\\OneDrive\\Desktop\\Incubyte\\backend\\src\\routes\\sweetRoutes.js": {"path":"C:\\Users\\mayan\\OneDrive\\Desktop\\Incubyte\\backend\\src\\routes\\sweetRoutes.js","statementMap":{"0":{"start":{"line":1,"column":16},"end":{"line":1,"column":34}},"1":{"start":{"line":2,"column":15},"end":{"line":2,"column":31}},"2":{"start":{"line":3,"column":24},"end":{"line":3,"column":65}},"3":{"start":{"line":4,"column":28},"end":{"line":4,"column":57}},"4":{"start":{"line":6,"column":0},"end":{"line":6,"column":46}},"5":{"start":{"line":7,"column":0},"end":{"line":7,"column":52}},"6":{"start":{"line":9,"column":0},"end":{"line":9,"column":63}},"7":{"start":{"line":10,"column":0},"end":{"line":10,"column":65}},"8":{"start":{"line":11,"column":0},"end":{"line":11,"column":68}},"9":{"start":{"line":12,"column":0},"end":{"line":12,"column":66}},"10":{"start":{"line":13,"column":0},"end":{"line":13,"column":75}},"11":{"start":{"line":15,"column":0},"end":{"line":15,"column":24}}},"fnMap":{},"branchMap":{},"s":{"0":2,"1":2,"2":2,"3":2,"4":2,"5":2,"6":2,"7":2,"8":2,"9":2,"10":2,"11":2},"f":{},"b":{},"_coverageSchema":"1a1c01bbd47fc00a2c39e90264f33305004495a9","hash":"3ef912fc9d8fa0f6ed5795eecf70bd8f8edf9479"}
}
